Flow report for SingleCycleCPU
Sat Dec 21 15:15:54 2024
Quartus II 64-Bit Version 15.0.0 Build 145 04/22/2015 SJ Full Version


---------------------
; Table of Contents ;
---------------------
  1. Legal Notice
  2. Flow Summary
  3. Flow Settings
  4. Flow Non-Default Global Settings
  5. Flow Elapsed Time
  6. Flow OS Summary
  7. Flow Log
  8. Flow Messages
  9. Flow Suppressed Messages



----------------
; Legal Notice ;
----------------
Copyright (C) 1991-2015 Altera Corporation. All rights reserved.
Your use of Altera Corporation's design tools, logic functions 
and other software and tools, and its AMPP partner logic 
functions, and any output files from any of the foregoing 
(including device programming or simulation files), and any 
associated documentation or information are expressly subject 
to the terms and conditions of the Altera Program License 
Subscription Agreement, the Altera Quartus II License Agreement,
the Altera MegaCore Function License Agreement, or other 
applicable license agreement, including, without limitation, 
that your use is for the sole purpose of programming logic 
devices manufactured by Altera and sold by Altera or its 
authorized distributors.  Please refer to the applicable 
agreement for further details.



+-------------------------------------------------------------------------------+
; Flow Summary                                                                  ;
+---------------------------------+---------------------------------------------+
; Flow Status                     ; Successful - Sat Dec 21 15:15:54 2024       ;
; Quartus II 64-Bit Version       ; 15.0.0 Build 145 04/22/2015 SJ Full Version ;
; Revision Name                   ; SingleCycleCPU                              ;
; Top-level Entity Name           ; SingleCycleCPU                              ;
; Family                          ; Cyclone V                                   ;
; Device                          ; 5CSXFC6D6F31C6                              ;
; Timing Models                   ; Final                                       ;
; Logic utilization (in ALMs)     ; 1,630 / 41,910 ( 4 % )                      ;
; Total registers                 ; 110                                         ;
; Total pins                      ; 171 / 499 ( 34 % )                          ;
; Total virtual pins              ; 0                                           ;
; Total block memory bits         ; 0 / 5,662,720 ( 0 % )                       ;
; Total DSP Blocks                ; 2 / 112 ( 2 % )                             ;
; Total HSSI RX PCSs              ; 0 / 9 ( 0 % )                               ;
; Total HSSI PMA RX Deserializers ; 0 / 9 ( 0 % )                               ;
; Total HSSI TX PCSs              ; 0 / 9 ( 0 % )                               ;
; Total HSSI PMA TX Serializers   ; 0 / 9 ( 0 % )                               ;
; Total PLLs                      ; 0 / 15 ( 0 % )                              ;
; Total DLLs                      ; 0 / 4 ( 0 % )                               ;
+---------------------------------+---------------------------------------------+


+-----------------------------------------+
; Flow Settings                           ;
+-------------------+---------------------+
; Option            ; Setting             ;
+-------------------+---------------------+
; Start date & time ; 12/21/2024 15:12:20 ;
; Main task         ; Compilation         ;
; Revision Name     ; SingleCycleCPU      ;
+-------------------+---------------------+


+-------------------------------------------------------------------------------------------------------------------------------------+
; Flow Non-Default Global Settings                                                                                                    ;
+--------------------------------------+---------------------------------------+---------------+-------------+------------------------+
; Assignment Name                      ; Value                                 ; Default Value ; Entity Name ; Section Id             ;
+--------------------------------------+---------------------------------------+---------------+-------------+------------------------+
; COMPILER_SIGNATURE_ID                ; 96830616449264.173476513926780        ; --            ; --          ; --                     ;
; EDA_DESIGN_INSTANCE_NAME             ; NA                                    ; --            ; --          ; SingleCycleCPU_vlg_tst ;
; EDA_NATIVELINK_SIMULATION_TEST_BENCH ; SingleCycleCPU_vlg_tst                ; --            ; --          ; eda_simulation         ;
; EDA_OUTPUT_DATA_FORMAT               ; Verilog Hdl                           ; --            ; --          ; eda_simulation         ;
; EDA_SIMULATION_TOOL                  ; ModelSim-Altera (Verilog)             ; <None>        ; --          ; --                     ;
; EDA_TEST_BENCH_ENABLE_STATUS         ; TEST_BENCH_MODE                       ; --            ; --          ; eda_simulation         ;
; EDA_TEST_BENCH_FILE                  ; simulation/modelsim/SingleCycleCPU.vt ; --            ; --          ; SingleCycleCPU_vlg_tst ;
; EDA_TEST_BENCH_MODULE_NAME           ; SingleCycleCPU_vlg_tst                ; --            ; --          ; SingleCycleCPU_vlg_tst ;
; EDA_TEST_BENCH_NAME                  ; SingleCycleCPU_vlg_tst                ; --            ; --          ; eda_simulation         ;
; EDA_TEST_BENCH_RUN_SIM_FOR           ; 300 ns                                ; --            ; --          ; SingleCycleCPU_vlg_tst ;
; EDA_TIME_SCALE                       ; 1 ns                                  ; --            ; --          ; eda_simulation         ;
; MAX_CORE_JUNCTION_TEMP               ; 85                                    ; --            ; --          ; --                     ;
; MIN_CORE_JUNCTION_TEMP               ; 0                                     ; --            ; --          ; --                     ;
; PARTITION_COLOR                      ; 16764057                              ; --            ; --          ; Top                    ;
; PARTITION_FITTER_PRESERVATION_LEVEL  ; PLACEMENT_AND_ROUTING                 ; --            ; --          ; Top                    ;
; PARTITION_NETLIST_TYPE               ; SOURCE                                ; --            ; --          ; Top                    ;
; POWER_BOARD_THERMAL_MODEL            ; None (CONSERVATIVE)                   ; --            ; --          ; --                     ;
; POWER_PRESET_COOLING_SOLUTION        ; 23 MM HEAT SINK WITH 200 LFPM AIRFLOW ; --            ; --          ; --                     ;
; PROJECT_OUTPUT_DIRECTORY             ; output_files                          ; --            ; --          ; --                     ;
+--------------------------------------+---------------------------------------+---------------+-------------+------------------------+


+-------------------------------------------------------------------------------------------------------------------------------+
; Flow Elapsed Time                                                                                                             ;
+---------------------------+--------------+-------------------------+---------------------+------------------------------------+
; Module Name               ; Elapsed Time ; Average Processors Used ; Peak Virtual Memory ; Total CPU Time (on all processors) ;
+---------------------------+--------------+-------------------------+---------------------+------------------------------------+
; Analysis & Synthesis      ; 00:00:20     ; 1.0                     ; 5021 MB             ; 00:00:15                           ;
; Fitter                    ; 00:02:48     ; 2.5                     ; 7790 MB             ; 00:02:20                           ;
; Assembler                 ; 00:00:08     ; 1.0                     ; 4904 MB             ; 00:00:06                           ;
; TimeQuest Timing Analyzer ; 00:00:09     ; 2.9                     ; 5409 MB             ; 00:00:14                           ;
; EDA Netlist Writer        ; 00:00:02     ; 1.0                     ; 4843 MB             ; 00:00:01                           ;
; Total                     ; 00:03:27     ; --                      ; --                  ; 00:02:56                           ;
+---------------------------+--------------+-------------------------+---------------------+------------------------------------+


+----------------------------------------------------------------------------------------+
; Flow OS Summary                                                                        ;
+---------------------------+------------------+-----------+------------+----------------+
; Module Name               ; Machine Hostname ; OS Name   ; OS Version ; Processor type ;
+---------------------------+------------------+-----------+------------+----------------+
; Analysis & Synthesis      ; nzy              ; Windows 7 ; 6.2        ; x86_64         ;
; Fitter                    ; nzy              ; Windows 7 ; 6.2        ; x86_64         ;
; Assembler                 ; nzy              ; Windows 7 ; 6.2        ; x86_64         ;
; TimeQuest Timing Analyzer ; nzy              ; Windows 7 ; 6.2        ; x86_64         ;
; EDA Netlist Writer        ; nzy              ; Windows 7 ; 6.2        ; x86_64         ;
+---------------------------+------------------+-----------+------------+----------------+


------------
; Flow Log ;
------------
quartus_map --read_settings_files=on --write_settings_files=off SingleCycleCPU -c SingleCycleCPU
quartus_fit --read_settings_files=off --write_settings_files=off SingleCycleCPU -c SingleCycleCPU
quartus_asm --read_settings_files=off --write_settings_files=off SingleCycleCPU -c SingleCycleCPU
quartus_sta SingleCycleCPU -c SingleCycleCPU
quartus_eda --read_settings_files=off --write_settings_files=off SingleCycleCPU -c SingleCycleCPU



