Flow report for MultiCycleCPU
Fri Dec 20 20:51:26 2024
Quartus II 64-Bit Version 15.0.0 Build 145 04/22/2015 SJ Full Version


---------------------
; Table of Contents ;
---------------------
  1. Legal Notice
  2. Flow Summary
  3. Flow Settings
  4. Flow Non-Default Global Settings
  5. Flow Elapsed Time
  6. Flow OS Summary
  7. Flow Log
  8. Flow Messages
  9. Flow Suppressed Messages



----------------
; Legal Notice ;
----------------
Copyright (C) 1991-2015 Altera Corporation. All rights reserved.
Your use of Altera Corporation's design tools, logic functions 
and other software and tools, and its AMPP partner logic 
functions, and any output files from any of the foregoing 
(including device programming or simulation files), and any 
associated documentation or information are expressly subject 
to the terms and conditions of the Altera Program License 
Subscription Agreement, the Altera Quartus II License Agreement,
the Altera MegaCore Function License Agreement, or other 
applicable license agreement, including, without limitation, 
that your use is for the sole purpose of programming logic 
devices manufactured by Altera and sold by Altera or its 
authorized distributors.  Please refer to the applicable 
agreement for further details.



+-------------------------------------------------------------------------------+
; Flow Summary                                                                  ;
+---------------------------------+---------------------------------------------+
; Flow Status                     ; Successful - Fri Dec 20 20:51:26 2024       ;
; Quartus II 64-Bit Version       ; 15.0.0 Build 145 04/22/2015 SJ Full Version ;
; Revision Name                   ; MultiCycleCPU                               ;
; Top-level Entity Name           ; MultiCycleCPU                               ;
; Family                          ; Cyclone V                                   ;
; Device                          ; 5CSXFC6D6F31C6                              ;
; Timing Models                   ; Final                                       ;
; Logic utilization (in ALMs)     ; 4,526 / 41,910 ( 11 % )                     ;
; Total registers                 ; 1448                                        ;
; Total pins                      ; 99 / 499 ( 20 % )                           ;
; Total virtual pins              ; 0                                           ;
; Total block memory bits         ; 1,024 / 5,662,720 ( < 1 % )                 ;
; Total DSP Blocks                ; 3 / 112 ( 3 % )                             ;
; Total HSSI RX PCSs              ; 0 / 9 ( 0 % )                               ;
; Total HSSI PMA RX Deserializers ; 0 / 9 ( 0 % )                               ;
; Total HSSI TX PCSs              ; 0 / 9 ( 0 % )                               ;
; Total HSSI PMA TX Serializers   ; 0 / 9 ( 0 % )                               ;
; Total PLLs                      ; 0 / 15 ( 0 % )                              ;
; Total DLLs                      ; 0 / 4 ( 0 % )                               ;
+---------------------------------+---------------------------------------------+


+-----------------------------------------+
; Flow Settings                           ;
+-------------------+---------------------+
; Option            ; Setting             ;
+-------------------+---------------------+
; Start date & time ; 12/20/2024 20:45:46 ;
; Main task         ; Compilation         ;
; Revision Name     ; MultiCycleCPU       ;
+-------------------+---------------------+


+------------------------------------------------------------------------------------------------------------------------------------------------+
; Flow Non-Default Global Settings                                                                                                               ;
+--------------------------------------+--------------------------------------------------+---------------+-------------+------------------------+
; Assignment Name                      ; Value                                            ; Default Value ; Entity Name ; Section Id             ;
+--------------------------------------+--------------------------------------------------+---------------+-------------+------------------------+
; COMPILER_SIGNATURE_ID                ; 96830616449264.173469874604480                   ; --            ; --          ; --                     ;
; EDA_DESIGN_INSTANCE_NAME             ; NA                                               ; --            ; --          ; MultiCycleCPU_vlg_tst  ;
; EDA_NATIVELINK_SIMULATION_TEST_BENCH ; MultiCycleCPU_vlg_tst                            ; --            ; --          ; eda_simulation         ;
; EDA_NETLIST_WRITER_OUTPUT_DIR        ; G:/altrea_pll/MultiCycleCPU/simulation/modelsim0 ; --            ; --          ; eda_simulation         ;
; EDA_OUTPUT_DATA_FORMAT               ; Verilog Hdl                                      ; --            ; --          ; eda_simulation         ;
; EDA_SIMULATION_TOOL                  ; ModelSim-Altera (Verilog)                        ; <None>        ; --          ; --                     ;
; EDA_TEST_BENCH_ENABLE_STATUS         ; TEST_BENCH_MODE                                  ; --            ; --          ; eda_simulation         ;
; EDA_TEST_BENCH_FILE                  ; simulation/modelsim/SingleCycleCPU.vt            ; --            ; --          ; SingleCycleCPU_vlg_tst ;
; EDA_TEST_BENCH_FILE                  ; simulation/modelsim/MultiCycleCPU.vt             ; --            ; --          ; MultiCycleCPU_vlg_tst  ;
; EDA_TEST_BENCH_MODULE_NAME           ; MultiCycleCPU_vlg_tst                            ; --            ; --          ; MultiCycleCPU_vlg_tst  ;
; EDA_TEST_BENCH_NAME                  ; MultiCycleCPU_vlg_tst                            ; --            ; --          ; eda_simulation         ;
; EDA_TEST_BENCH_RUN_SIM_FOR           ; 500 ps                                           ; --            ; --          ; SingleCycleCPU_vlg_tst ;
; EDA_TEST_BENCH_RUN_SIM_FOR           ; 2000 ps                                          ; --            ; --          ; MultiCycleCPU_vlg_tst  ;
; EDA_TIME_SCALE                       ; 1 ps                                             ; --            ; --          ; eda_simulation         ;
; ENABLE_SIGNALTAP                     ; On                                               ; --            ; --          ; --                     ;
; MAX_CORE_JUNCTION_TEMP               ; 85                                               ; --            ; --          ; --                     ;
; MIN_CORE_JUNCTION_TEMP               ; 0                                                ; --            ; --          ; --                     ;
; PARTITION_COLOR                      ; 16764057                                         ; --            ; --          ; Top                    ;
; PARTITION_FITTER_PRESERVATION_LEVEL  ; PLACEMENT_AND_ROUTING                            ; --            ; --          ; Top                    ;
; PARTITION_NETLIST_TYPE               ; SOURCE                                           ; --            ; --          ; Top                    ;
; POWER_BOARD_THERMAL_MODEL            ; None (CONSERVATIVE)                              ; --            ; --          ; --                     ;
; POWER_PRESET_COOLING_SOLUTION        ; 23 MM HEAT SINK WITH 200 LFPM AIRFLOW            ; --            ; --          ; --                     ;
; PROJECT_OUTPUT_DIRECTORY             ; output_files                                     ; --            ; --          ; --                     ;
; USE_SIGNALTAP_FILE                   ; output_files/stp1.stp                            ; --            ; --          ; --                     ;
+--------------------------------------+--------------------------------------------------+---------------+-------------+------------------------+


+-------------------------------------------------------------------------------------------------------------------------------+
; Flow Elapsed Time                                                                                                             ;
+---------------------------+--------------+-------------------------+---------------------+------------------------------------+
; Module Name               ; Elapsed Time ; Average Processors Used ; Peak Virtual Memory ; Total CPU Time (on all processors) ;
+---------------------------+--------------+-------------------------+---------------------+------------------------------------+
; Analysis & Synthesis      ; 00:00:25     ; 1.0                     ; 5061 MB             ; 00:00:21                           ;
; Fitter                    ; 00:04:14     ; 2.1                     ; 7924 MB             ; 00:04:32                           ;
; Assembler                 ; 00:00:10     ; 1.0                     ; 4941 MB             ; 00:00:09                           ;
; TimeQuest Timing Analyzer ; 00:00:40     ; 2.2                     ; 5514 MB             ; 00:01:07                           ;
; EDA Netlist Writer        ; 00:00:02     ; 1.0                     ; 4909 MB             ; 00:00:02                           ;
; Total                     ; 00:05:31     ; --                      ; --                  ; 00:06:11                           ;
+---------------------------+--------------+-------------------------+---------------------+------------------------------------+


+----------------------------------------------------------------------------------------+
; Flow OS Summary                                                                        ;
+---------------------------+------------------+-----------+------------+----------------+
; Module Name               ; Machine Hostname ; OS Name   ; OS Version ; Processor type ;
+---------------------------+------------------+-----------+------------+----------------+
; Analysis & Synthesis      ; nzy              ; Windows 7 ; 6.2        ; x86_64         ;
; Fitter                    ; nzy              ; Windows 7 ; 6.2        ; x86_64         ;
; Assembler                 ; nzy              ; Windows 7 ; 6.2        ; x86_64         ;
; TimeQuest Timing Analyzer ; nzy              ; Windows 7 ; 6.2        ; x86_64         ;
; EDA Netlist Writer        ; nzy              ; Windows 7 ; 6.2        ; x86_64         ;
+---------------------------+------------------+-----------+------------+----------------+


------------
; Flow Log ;
------------
quartus_map --read_settings_files=on --write_settings_files=off MultiCycleCPU -c MultiCycleCPU
quartus_fit --read_settings_files=off --write_settings_files=off MultiCycleCPU -c MultiCycleCPU
quartus_asm --read_settings_files=off --write_settings_files=off MultiCycleCPU -c MultiCycleCPU
quartus_sta MultiCycleCPU -c MultiCycleCPU
quartus_eda --read_settings_files=off --write_settings_files=off MultiCycleCPU -c MultiCycleCPU



